  Compiling CUDA source file Dynamic_Parallelism.cu...
  
  C:\Users\dstok\source\repos\passlab\CUDAMemBench\features_tests\Samples\Dynamic Parallelism Demo\Dynamic Parallelism Demo>"C:\Program Files\NVIDIA GPU Computing Toolkit\CUDA\v11.1\bin\nvcc.exe" -gencode=arch=compute_52,code=\"sm_52,compute_52\" --use-local-env -ccbin "C:\Program Files (x86)\Microsoft Visual Studio\2019\Community\VC\Tools\MSVC\14.28.29333\bin\HostX86\x64" -x cu   -I"C:\Program Files\NVIDIA GPU Computing Toolkit\CUDA\v11.1\include" -I"C:\Program Files\NVIDIA GPU Computing Toolkit\CUDA\v11.1\include"     --keep-dir x64\Release -maxrregcount=0  --machine 64 --compile -cudart static --expt-relaxed-constexpr    -DWIN32 -DWIN64 -DNDEBUG -D_CONSOLE -D_MBCS -Xcompiler "/EHsc /W3 /nologo /O2 /Fdx64\Release\vc142.pdb /FS   /MD " -o x64\Release\Dynamic_Parallelism.cu.obj "C:\Users\dstok\source\repos\passlab\CUDAMemBench\features_tests\Samples\Dynamic Parallelism Demo\Dynamic Parallelism Demo\Dynamic_Parallelism.cu" 
C:/Users/dstok/source/repos/passlab/CUDAMemBench/features_tests/Samples/Dynamic Parallelism Demo/Dynamic Parallelism Demo/Dynamic_Parallelism.cu(77): warning : conversion from a string literal to "char *" is deprecated
  
C:/Users/dstok/source/repos/passlab/CUDAMemBench/features_tests/Samples/Dynamic Parallelism Demo/Dynamic Parallelism Demo/Dynamic_Parallelism.cu(78): warning : conversion from a string literal to "char *" is deprecated
  
C:/Users/dstok/source/repos/passlab/CUDAMemBench/features_tests/Samples/Dynamic Parallelism Demo/Dynamic Parallelism Demo/Dynamic_Parallelism.cu(170): warning : missing return statement at end of non-void function "border_check"
  
C:/Users/dstok/source/repos/passlab/CUDAMemBench/features_tests/Samples/Dynamic Parallelism Demo/Dynamic Parallelism Demo/Dynamic_Parallelism.cu(166): warning : variable "x_block" was declared but never referenced
  
C:/Users/dstok/source/repos/passlab/CUDAMemBench/features_tests/Samples/Dynamic Parallelism Demo/Dynamic Parallelism Demo/Dynamic_Parallelism.cu(167): warning : variable "y_block" was declared but never referenced
  
C:/Users/dstok/source/repos/passlab/CUDAMemBench/features_tests/Samples/Dynamic Parallelism Demo/Dynamic Parallelism Demo/Dynamic_Parallelism.cu(168): warning : variable "x" was declared but never referenced
  
C:/Users/dstok/source/repos/passlab/CUDAMemBench/features_tests/Samples/Dynamic Parallelism Demo/Dynamic Parallelism Demo/Dynamic_Parallelism.cu(169): warning : variable "y" was declared but never referenced
  
C:/Users/dstok/source/repos/passlab/CUDAMemBench/features_tests/Samples/Dynamic Parallelism Demo/Dynamic Parallelism Demo/Dynamic_Parallelism.cu(228): error : identifier "get_distance" is undefined
  
C:/Users/dstok/source/repos/passlab/CUDAMemBench/features_tests/Samples/Dynamic Parallelism Demo/Dynamic Parallelism Demo/Dynamic_Parallelism.cu(252): error : no suitable conversion function from "complex" to "double" exists
  
C:/Users/dstok/source/repos/passlab/CUDAMemBench/features_tests/Samples/Dynamic Parallelism Demo/Dynamic Parallelism Demo/Dynamic_Parallelism.cu(276): error : kernel launch from __device__ or __global__ functions requires separate compilation mode
  
C:/Users/dstok/source/repos/passlab/CUDAMemBench/features_tests/Samples/Dynamic Parallelism Demo/Dynamic Parallelism Demo/Dynamic_Parallelism.cu(281): error : kernel launch from __device__ or __global__ functions requires separate compilation mode
  
C:/Users/dstok/source/repos/passlab/CUDAMemBench/features_tests/Samples/Dynamic Parallelism Demo/Dynamic Parallelism Demo/Dynamic_Parallelism.cu(287): error : kernel launch from __device__ or __global__ functions requires separate compilation mode
  
C:/Users/dstok/source/repos/passlab/CUDAMemBench/features_tests/Samples/Dynamic Parallelism Demo/Dynamic Parallelism Demo/Dynamic_Parallelism.cu(287): error : a __device__ function call cannot be configured
  
C:/Users/dstok/source/repos/passlab/CUDAMemBench/features_tests/Samples/Dynamic Parallelism Demo/Dynamic Parallelism Demo/Dynamic_Parallelism.cu(287): error : a value of type "void" cannot be assigned to an entity of type "int"
  
C:/Users/dstok/source/repos/passlab/CUDAMemBench/features_tests/Samples/Dynamic Parallelism Demo/Dynamic Parallelism Demo/Dynamic_Parallelism.cu(313): error : too few arguments in function call
  
  8 errors detected in the compilation of "C:/Users/dstok/source/repos/passlab/CUDAMemBench/features_tests/Samples/Dynamic Parallelism Demo/Dynamic Parallelism Demo/Dynamic_Parallelism.cu".
  Dynamic_Parallelism.cu
C:\Program Files (x86)\Microsoft Visual Studio\2019\Community\MSBuild\Microsoft\VC\v160\BuildCustomizations\CUDA 11.1.targets(785,9): error MSB3721: The command ""C:\Program Files\NVIDIA GPU Computing Toolkit\CUDA\v11.1\bin\nvcc.exe" -gencode=arch=compute_52,code=\"sm_52,compute_52\" --use-local-env -ccbin "C:\Program Files (x86)\Microsoft Visual Studio\2019\Community\VC\Tools\MSVC\14.28.29333\bin\HostX86\x64" -x cu   -I"C:\Program Files\NVIDIA GPU Computing Toolkit\CUDA\v11.1\include" -I"C:\Program Files\NVIDIA GPU Computing Toolkit\CUDA\v11.1\include"     --keep-dir x64\Release -maxrregcount=0  --machine 64 --compile -cudart static --expt-relaxed-constexpr    -DWIN32 -DWIN64 -DNDEBUG -D_CONSOLE -D_MBCS -Xcompiler "/EHsc /W3 /nologo /O2 /Fdx64\Release\vc142.pdb /FS   /MD " -o x64\Release\Dynamic_Parallelism.cu.obj "C:\Users\dstok\source\repos\passlab\CUDAMemBench\features_tests\Samples\Dynamic Parallelism Demo\Dynamic Parallelism Demo\Dynamic_Parallelism.cu"" exited with code 1.
